2021-02-09 07:54:01,565 django.utils.autoreload INFO     Watching for file changes with StatReloader
2021-02-09 07:55:10,335 asyncio      DEBUG    Using selector: EpollSelector
2021-02-09 07:55:50,991 django.utils.autoreload INFO     Watching for file changes with StatReloader
2021-02-09 07:55:53,321 asyncio      DEBUG    Using selector: EpollSelector
2021-02-09 07:55:53,485 asyncio      DEBUG    Using selector: EpollSelector
2021-02-09 07:56:44,623 django.utils.autoreload INFO     Watching for file changes with StatReloader
2021-02-09 07:58:47,556 django.utils.autoreload INFO     /home/jatx/fogstreambot/server/appserver/views.py changed, reloading.
2021-02-09 07:58:47,556 asyncio      DEBUG    Using selector: EpollSelector
2021-02-09 07:58:48,372 django.utils.autoreload INFO     Watching for file changes with StatReloader
2021-02-09 07:58:51,101 django.utils.autoreload INFO     /home/jatx/fogstreambot/server/appserver/views.py changed, reloading.
2021-02-09 07:58:51,102 asyncio      DEBUG    Using selector: EpollSelector
2021-02-09 07:58:51,889 django.utils.autoreload INFO     Watching for file changes with StatReloader
2021-02-09 07:59:16,016 django.utils.autoreload INFO     /home/jatx/fogstreambot/server/appserver/views.py changed, reloading.
2021-02-09 07:59:16,017 asyncio      DEBUG    Using selector: EpollSelector
2021-02-09 07:59:17,205 django.utils.autoreload INFO     Watching for file changes with StatReloader
2021-02-09 07:59:33,130 django.utils.autoreload INFO     /home/jatx/fogstreambot/server/appserver/views.py changed, reloading.
2021-02-09 07:59:33,131 asyncio      DEBUG    Using selector: EpollSelector
2021-02-09 07:59:33,899 django.utils.autoreload INFO     Watching for file changes with StatReloader
2021-02-09 07:59:58,045 django.utils.autoreload INFO     /home/jatx/fogstreambot/server/appserver/views.py changed, reloading.
2021-02-09 07:59:58,046 asyncio      DEBUG    Using selector: EpollSelector
2021-02-09 07:59:58,768 django.utils.autoreload INFO     Watching for file changes with StatReloader
2021-02-09 08:00:02,024 django.utils.autoreload INFO     /home/jatx/fogstreambot/server/appserver/views.py changed, reloading.
2021-02-09 08:00:02,024 asyncio      DEBUG    Using selector: EpollSelector
2021-02-09 08:00:02,540 django.utils.autoreload INFO     Watching for file changes with StatReloader
2021-02-09 08:00:07,803 django.utils.autoreload INFO     /home/jatx/fogstreambot/server/appserver/views.py changed, reloading.
2021-02-09 08:00:07,803 asyncio      DEBUG    Using selector: EpollSelector
2021-02-09 08:00:08,502 django.utils.autoreload INFO     Watching for file changes with StatReloader
2021-02-09 08:00:11,738 django.utils.autoreload INFO     /home/jatx/fogstreambot/server/appserver/views.py changed, reloading.
2021-02-09 08:00:11,741 asyncio      DEBUG    Using selector: EpollSelector
2021-02-09 08:00:12,480 django.utils.autoreload INFO     Watching for file changes with StatReloader
2021-02-09 08:00:24,980 django.utils.autoreload INFO     /home/jatx/fogstreambot/server/appserver/views.py changed, reloading.
2021-02-09 08:00:24,981 asyncio      DEBUG    Using selector: EpollSelector
2021-02-09 08:00:25,485 django.utils.autoreload INFO     Watching for file changes with StatReloader
2021-02-09 08:01:26,835 django.utils.autoreload INFO     /home/jatx/fogstreambot/server/appserver/views.py changed, reloading.
2021-02-09 08:01:26,836 asyncio      DEBUG    Using selector: EpollSelector
2021-02-09 08:01:27,534 django.utils.autoreload INFO     Watching for file changes with StatReloader
2021-02-09 08:01:40,949 django.utils.autoreload INFO     /home/jatx/fogstreambot/server/appserver/views.py changed, reloading.
2021-02-09 08:01:40,950 asyncio      DEBUG    Using selector: EpollSelector
2021-02-09 08:01:41,508 django.utils.autoreload INFO     Watching for file changes with StatReloader
2021-02-09 08:02:18,792 django.request ERROR    Internal Server Error: /api/users
Traceback (most recent call last):
  File "/home/jatx/fogstreambot/envbot/lib/python3.8/site-packages/django/core/handlers/exception.py", line 47, in inner
    response = get_response(request)
  File "/home/jatx/fogstreambot/envbot/lib/python3.8/site-packages/django/core/handlers/base.py", line 181, in _get_response
    response = wrapped_callback(request, *callback_args, **callback_kwargs)
  File "/home/jatx/fogstreambot/envbot/lib/python3.8/site-packages/django/views/decorators/csrf.py", line 54, in wrapped_view
    return view_func(*args, **kwargs)
  File "/home/jatx/fogstreambot/envbot/lib/python3.8/site-packages/django/views/generic/base.py", line 70, in view
    return self.dispatch(request, *args, **kwargs)
  File "/home/jatx/fogstreambot/envbot/lib/python3.8/site-packages/rest_framework/views.py", line 509, in dispatch
    response = self.handle_exception(exc)
  File "/home/jatx/fogstreambot/envbot/lib/python3.8/site-packages/rest_framework/views.py", line 469, in handle_exception
    self.raise_uncaught_exception(exc)
  File "/home/jatx/fogstreambot/envbot/lib/python3.8/site-packages/rest_framework/views.py", line 480, in raise_uncaught_exception
    raise exc
  File "/home/jatx/fogstreambot/envbot/lib/python3.8/site-packages/rest_framework/views.py", line 506, in dispatch
    response = handler(request, *args, **kwargs)
  File "/home/jatx/fogstreambot/server/appserver/views.py", line 21, in post
    logger.info("User '{user_saved}' "
  File "/usr/lib/python3.8/logging/__init__.py", line 1434, in info
    self._log(INFO, msg, args, **kwargs)
TypeError: _log() got an unexpected keyword argument 'content_type'
2021-02-09 08:03:27,499 django.utils.autoreload INFO     /home/jatx/fogstreambot/server/appserver/views.py changed, reloading.
2021-02-09 08:03:27,500 asyncio      DEBUG    Using selector: EpollSelector
2021-02-09 08:03:28,639 django.utils.autoreload INFO     Watching for file changes with StatReloader
2021-02-09 08:03:30,386 django.utils.autoreload INFO     /home/jatx/fogstreambot/server/appserver/views.py changed, reloading.
2021-02-09 08:03:30,386 asyncio      DEBUG    Using selector: EpollSelector
2021-02-09 08:03:31,042 django.utils.autoreload INFO     Watching for file changes with StatReloader
2021-02-09 08:03:56,404 django.request ERROR    Internal Server Error: /api/users
Traceback (most recent call last):
  File "/home/jatx/fogstreambot/envbot/lib/python3.8/site-packages/django/core/handlers/exception.py", line 47, in inner
    response = get_response(request)
  File "/home/jatx/fogstreambot/envbot/lib/python3.8/site-packages/django/core/handlers/base.py", line 181, in _get_response
    response = wrapped_callback(request, *callback_args, **callback_kwargs)
  File "/home/jatx/fogstreambot/envbot/lib/python3.8/site-packages/django/views/decorators/csrf.py", line 54, in wrapped_view
    return view_func(*args, **kwargs)
  File "/home/jatx/fogstreambot/envbot/lib/python3.8/site-packages/django/views/generic/base.py", line 70, in view
    return self.dispatch(request, *args, **kwargs)
  File "/home/jatx/fogstreambot/envbot/lib/python3.8/site-packages/rest_framework/views.py", line 509, in dispatch
    response = self.handle_exception(exc)
  File "/home/jatx/fogstreambot/envbot/lib/python3.8/site-packages/rest_framework/views.py", line 469, in handle_exception
    self.raise_uncaught_exception(exc)
  File "/home/jatx/fogstreambot/envbot/lib/python3.8/site-packages/rest_framework/views.py", line 480, in raise_uncaught_exception
    raise exc
  File "/home/jatx/fogstreambot/envbot/lib/python3.8/site-packages/rest_framework/views.py", line 506, in dispatch
    response = handler(request, *args, **kwargs)
  File "/home/jatx/fogstreambot/server/appserver/views.py", line 21, in post
    logger.debug("User '{user_saved}' "
  File "/usr/lib/python3.8/logging/__init__.py", line 1422, in debug
    self._log(DEBUG, msg, args, **kwargs)
TypeError: _log() got an unexpected keyword argument 'content_type'
2021-02-09 08:07:08,153 django.utils.autoreload INFO     /home/jatx/fogstreambot/server/appserver/views.py changed, reloading.
2021-02-09 08:07:08,189 asyncio      DEBUG    Using selector: EpollSelector
2021-02-09 08:07:11,062 django.utils.autoreload INFO     Watching for file changes with StatReloader
2021-02-09 08:08:26,531 appserver.views DEBUG    User 'tgvoluzhev' created successfully
2021-02-09 08:19:10,933 appserver.views DEBUG    User 'None' created successfully
2021-02-09 08:44:17,349 django.utils.autoreload INFO     /home/jatx/fogstreambot/server/appserver/models.py changed, reloading.
2021-02-09 08:44:17,387 asyncio      DEBUG    Using selector: EpollSelector
2021-02-09 08:44:29,765 django.utils.autoreload INFO     Watching for file changes with StatReloader
2021-02-09 08:45:11,968 django.utils.autoreload INFO     /home/jatx/fogstreambot/server/appserver/models.py changed, reloading.
2021-02-09 08:45:11,968 asyncio      DEBUG    Using selector: EpollSelector
2021-02-09 08:45:12,817 django.utils.autoreload INFO     Watching for file changes with StatReloader
2021-02-09 08:46:10,435 django.utils.autoreload INFO     /home/jatx/fogstreambot/server/appserver/models.py changed, reloading.
2021-02-09 08:46:10,436 asyncio      DEBUG    Using selector: EpollSelector
2021-02-09 08:46:11,223 django.utils.autoreload INFO     Watching for file changes with StatReloader
2021-02-09 08:46:14,823 django.utils.autoreload INFO     /home/jatx/fogstreambot/server/appserver/models.py changed, reloading.
2021-02-09 08:46:14,824 asyncio      DEBUG    Using selector: EpollSelector
2021-02-09 08:46:15,367 django.utils.autoreload INFO     Watching for file changes with StatReloader
2021-02-09 08:46:16,817 django.utils.autoreload INFO     /home/jatx/fogstreambot/server/appserver/models.py changed, reloading.
2021-02-09 08:46:16,817 asyncio      DEBUG    Using selector: EpollSelector
2021-02-09 08:46:17,531 django.utils.autoreload INFO     Watching for file changes with StatReloader
2021-02-09 08:47:03,936 django.utils.autoreload INFO     /home/jatx/fogstreambot/server/appserver/models.py changed, reloading.
2021-02-09 08:47:03,937 asyncio      DEBUG    Using selector: EpollSelector
2021-02-09 08:47:04,498 django.utils.autoreload INFO     Watching for file changes with StatReloader
2021-02-09 08:47:25,399 django.utils.autoreload INFO     /home/jatx/fogstreambot/server/appserver/models.py changed, reloading.
2021-02-09 08:47:25,400 asyncio      DEBUG    Using selector: EpollSelector
2021-02-09 08:47:26,006 django.utils.autoreload INFO     Watching for file changes with StatReloader
2021-02-09 08:47:29,467 django.utils.autoreload INFO     /home/jatx/fogstreambot/server/appserver/models.py changed, reloading.
2021-02-09 08:47:29,468 asyncio      DEBUG    Using selector: EpollSelector
2021-02-09 08:47:30,112 django.utils.autoreload INFO     Watching for file changes with StatReloader
2021-02-10 05:11:04,001 django.utils.autoreload INFO     /home/jatx/fogstreambot/server/appserver/models.py changed, reloading.
2021-02-10 05:11:06,043 asyncio      DEBUG    Using selector: EpollSelector
2021-02-10 05:11:13,988 django.utils.autoreload INFO     Watching for file changes with StatReloader
2021-02-10 05:11:57,462 django.utils.autoreload INFO     /home/jatx/fogstreambot/server/appserver/models.py changed, reloading.
2021-02-10 05:11:57,463 asyncio      DEBUG    Using selector: EpollSelector
2021-02-10 05:11:58,003 django.utils.autoreload INFO     Watching for file changes with StatReloader
2021-02-10 05:11:59,990 asyncio      DEBUG    Using selector: EpollSelector
2021-02-10 05:12:00,520 asyncio      DEBUG    Using selector: EpollSelector
2021-02-10 05:13:17,618 asyncio      DEBUG    Using selector: EpollSelector
2021-02-10 05:13:38,698 asyncio      DEBUG    Using selector: EpollSelector
2021-02-10 05:14:23,645 asyncio      DEBUG    Using selector: EpollSelector
2021-02-10 05:14:51,030 asyncio      DEBUG    Using selector: EpollSelector
2021-02-10 05:15:30,271 django.utils.autoreload INFO     Watching for file changes with StatReloader
2021-02-10 05:28:37,846 django.utils.autoreload INFO     /home/jatx/fogstreambot/server/appserver/serializers.py changed, reloading.
2021-02-10 05:28:38,256 asyncio      DEBUG    Using selector: EpollSelector
2021-02-10 05:28:56,032 django.utils.autoreload INFO     Watching for file changes with StatReloader
2021-02-10 05:29:19,062 django.utils.autoreload INFO     /home/jatx/fogstreambot/server/appserver/serializers.py changed, reloading.
2021-02-10 05:29:19,063 asyncio      DEBUG    Using selector: EpollSelector
2021-02-10 05:29:20,724 django.utils.autoreload INFO     Watching for file changes with StatReloader
2021-02-10 05:29:35,416 django.utils.autoreload INFO     /home/jatx/fogstreambot/server/appserver/views.py changed, reloading.
2021-02-10 05:29:35,431 asyncio      DEBUG    Using selector: EpollSelector
2021-02-10 05:29:37,722 django.utils.autoreload INFO     Watching for file changes with StatReloader
2021-02-10 05:29:40,573 django.utils.autoreload INFO     /home/jatx/fogstreambot/server/appserver/views.py changed, reloading.
2021-02-10 05:29:40,576 asyncio      DEBUG    Using selector: EpollSelector
2021-02-10 05:29:41,318 django.utils.autoreload INFO     Watching for file changes with StatReloader
2021-02-10 05:32:48,395 asyncio      DEBUG    Using selector: EpollSelector
2021-02-10 05:33:18,885 django.utils.autoreload INFO     /home/jatx/fogstreambot/server/server/settings.py changed, reloading.
2021-02-10 05:33:18,886 asyncio      DEBUG    Using selector: EpollSelector
2021-02-10 05:33:19,677 django.utils.autoreload INFO     Watching for file changes with StatReloader
2021-02-10 05:35:45,799 django.utils.autoreload INFO     /home/jatx/fogstreambot/server/server/settings.py changed, reloading.
2021-02-10 05:35:54,651 django.utils.autoreload INFO     Watching for file changes with StatReloader
2021-02-10 05:38:30,907 django.utils.autoreload INFO     /home/jatx/fogstreambot/server/server/settings.py changed, reloading.
2021-02-10 05:38:33,692 django.utils.autoreload INFO     Watching for file changes with StatReloader
2021-02-10 05:38:34,492 asyncio      DEBUG    Using selector: EpollSelector
2021-02-10 05:38:48,485 django.utils.autoreload INFO     /home/jatx/fogstreambot/server/server/settings.py changed, reloading.
2021-02-10 05:38:48,486 asyncio      DEBUG    Using selector: EpollSelector
2021-02-10 05:38:49,359 django.utils.autoreload INFO     Watching for file changes with StatReloader
2021-02-10 05:40:29,640 django.utils.autoreload INFO     /home/jatx/fogstreambot/server/server/settings.py changed, reloading.
2021-02-10 05:40:29,641 asyncio      DEBUG    Using selector: EpollSelector
2021-02-10 05:40:30,270 django.utils.autoreload INFO     Watching for file changes with StatReloader
2021-02-10 05:41:07,436 django.utils.autoreload INFO     /home/jatx/fogstreambot/server/server/settings.py changed, reloading.
2021-02-10 05:41:07,439 asyncio      DEBUG    Using selector: EpollSelector
2021-02-10 05:41:08,099 django.utils.autoreload INFO     Watching for file changes with StatReloader
2021-02-10 06:47:19,192 django.request WARNING  Not Found: /favicon.ico
2021-02-10 06:47:37,882 django.request WARNING  Not Found: /favicon.ico
2021-02-10 06:47:52,886 django.request WARNING  Not Found: /favicon.ico
2021-02-10 06:47:57,555 django.request WARNING  Not Found: /favicon.ico
2021-02-10 06:48:00,366 django.request WARNING  Not Found: /
2021-02-10 06:48:00,668 django.request WARNING  Not Found: /favicon.ico
2021-02-10 06:50:58,403 django.request WARNING  Not Found: /favicon.ico
2021-02-10 06:57:14,064 django.request WARNING  Not Found: /favicon.ico
2021-02-10 06:57:16,975 django.request WARNING  Not Found: /
2021-02-10 06:57:19,172 django.request WARNING  Not Found: /favicon.ico
2021-02-10 07:01:00,551 django.request WARNING  Not Found: /favicon.ico
2021-02-10 07:05:39,667 django.request WARNING  Not Found: /favicon.ico
2021-02-10 07:05:41,523 django.request WARNING  Not Found: /favicon.ico
2021-02-10 07:06:40,327 django.request WARNING  Not Found: /favicon.ico
